2021-Aug-27 11:14:43 AM [TestNG-PoolService-2] DEBUG StepDef.HooksStepDef - Each step hook is executed, Screen shot taken
2021-Aug-27 11:14:43 AM [TestNG-PoolService-5] DEBUG StepDef.HooksStepDef - Each step hook is executed, Screen shot taken
2021-Aug-27 11:14:43 AM [TestNG-PoolService-1] DEBUG StepDef.HooksStepDef - Each step hook is executed, Screen shot taken
2021-Aug-27 11:14:43 AM [TestNG-PoolService-6] DEBUG StepDef.HooksStepDef - Each step hook is executed, Screen shot taken
2021-Aug-27 11:14:43 AM [TestNG-PoolService-7] DEBUG StepDef.HooksStepDef - Each step hook is executed, Screen shot taken
2021-Aug-27 11:14:43 AM [TestNG-PoolService-8] DEBUG StepDef.HooksStepDef - Each step hook is executed, Screen shot taken
2021-Aug-27 11:14:43 AM [TestNG-PoolService-3] DEBUG StepDef.HooksStepDef - Each step hook is executed, Screen shot taken
2021-Aug-27 11:14:43 AM [TestNG-PoolService-4] DEBUG StepDef.HooksStepDef - Each step hook is executed, Screen shot taken
2021-Aug-27 11:14:43 AM [TestNG-PoolService-2] DEBUG StepDef.HooksStepDef - Each step hook is executed, Screen shot taken
2021-Aug-27 11:14:43 AM [TestNG-PoolService-2] DEBUG StepDef.HooksStepDef - Each step hook is executed, Screen shot taken
2021-Aug-27 11:14:43 AM [TestNG-PoolService-6] DEBUG StepDef.HooksStepDef - Each step hook is executed, Screen shot taken
2021-Aug-27 11:14:43 AM [TestNG-PoolService-6] DEBUG StepDef.HooksStepDef - Each step hook is executed, Screen shot taken
2021-Aug-27 11:14:43 AM [TestNG-PoolService-5] DEBUG StepDef.HooksStepDef - Each step hook is executed, Screen shot taken
2021-Aug-27 11:14:43 AM [TestNG-PoolService-3] DEBUG StepDef.HooksStepDef - Each step hook is executed, Screen shot taken
2021-Aug-27 11:14:43 AM [TestNG-PoolService-8] DEBUG StepDef.HooksStepDef - Each step hook is executed, Screen shot taken
2021-Aug-27 11:14:43 AM [TestNG-PoolService-8] DEBUG StepDef.HooksStepDef - Each step hook is executed, Screen shot taken
2021-Aug-27 11:14:43 AM [TestNG-PoolService-4] DEBUG StepDef.HooksStepDef - Each step hook is executed, Screen shot taken
2021-Aug-27 11:14:43 AM [TestNG-PoolService-4] DEBUG StepDef.HooksStepDef - Each step hook is executed, Screen shot taken
2021-Aug-27 11:14:43 AM [TestNG-PoolService-7] DEBUG StepDef.HooksStepDef - Each step hook is executed, Screen shot taken
2021-Aug-27 11:14:43 AM [TestNG-PoolService-7] DEBUG StepDef.HooksStepDef - Each step hook is executed, Screen shot taken
2021-Aug-27 11:14:43 AM [TestNG-PoolService-1] DEBUG StepDef.HooksStepDef - Each step hook is executed, Screen shot taken
2021-Aug-27 11:14:43 AM [TestNG-PoolService-5] DEBUG StepDef.HooksStepDef - Each step hook is executed, Screen shot taken
2021-Aug-27 11:14:43 AM [TestNG-PoolService-3] DEBUG StepDef.HooksStepDef - Each step hook is executed, Screen shot taken
2021-Aug-27 11:14:43 AM [TestNG-PoolService-1] DEBUG StepDef.HooksStepDef - Each step hook is executed, Screen shot taken
2021-Aug-27 11:14:43 AM [TestNG-PoolService-1] DEBUG StepDef.HooksStepDef - Each step hook is executed, Screen shot taken
2021-Aug-27 11:14:43 AM [TestNG-PoolService-1] DEBUG StepDef.HooksStepDef - Each step hook is executed, Screen shot taken
2021-Aug-27 11:14:43 AM [TestNG-PoolService-1] DEBUG StepDef.HooksStepDef - Each step hook is executed, Screen shot taken
2021-Aug-27 11:14:51 AM [TestNG-PoolService-9] DEBUG StepDef.StepDef - Chrome initialized
2021-Aug-27 11:14:51 AM [TestNG-PoolService-0] DEBUG StepDef.StepDef - Chrome initialized
2021-Aug-27 11:14:51 AM [TestNG-PoolService-9] DEBUG StepDef.StepDef - window maximize
2021-Aug-27 11:14:51 AM [TestNG-PoolService-0] DEBUG StepDef.StepDef - window maximize
2021-Aug-27 11:14:52 AM [TestNG-PoolService-0] DEBUG StepDef.HooksStepDef - Each step hook is executed, Screen shot taken
2021-Aug-27 11:15:01 AM [TestNG-PoolService-0] DEBUG StepDef.StepDef - Navigated to url https://parabank.parasoft.com/parabank/index.htm
2021-Aug-27 11:15:02 AM [TestNG-PoolService-0] DEBUG StepDef.HooksStepDef - Each step hook is executed, Screen shot taken
2021-Aug-27 11:15:02 AM [TestNG-PoolService-0] DEBUG StepDef.StepDef - Get user namejohn
2021-Aug-27 11:15:02 AM [TestNG-PoolService-9] DEBUG StepDef.StepDef - Navigated to url https://parabank.parasoft.com/parabank/index.htm
2021-Aug-27 11:15:03 AM [TestNG-PoolService-9] DEBUG StepDef.StepDef - Get user namejohn
2021-Aug-27 11:15:03 AM [TestNG-PoolService-0] DEBUG StepDef.StepDef - Get passworddemo
2021-Aug-27 11:15:03 AM [TestNG-PoolService-9] DEBUG StepDef.StepDef - Get passworddemo
2021-Aug-27 11:15:07 AM [TestNG-PoolService-9] DEBUG StepDef.StepDef - Log in button click
2021-Aug-27 11:15:08 AM [TestNG-PoolService-0] DEBUG StepDef.StepDef - Log in button click
2021-Aug-27 11:15:08 AM [TestNG-PoolService-9] DEBUG StepDef.HooksStepDef - Each step hook is executed, Screen shot taken
2021-Aug-27 11:15:08 AM [TestNG-PoolService-0] DEBUG StepDef.HooksStepDef - Each step hook is executed, Screen shot taken
2021-Aug-27 11:15:09 AM [TestNG-PoolService-0] DEBUG StepDef.HooksStepDef - Each step hook is executed, Screen shot taken
2021-Aug-27 11:15:11 AM [TestNG-PoolService-9] DEBUG StepDef.HooksStepDef - Each step hook is executed, Screen shot taken
2021-Aug-27 11:15:11 AM [TestNG-PoolService-9] DEBUG StepDef.HooksStepDef - Each step hook is executed, Screen shot taken
2021-Aug-27 11:15:18 AM [TestNG-PoolService-9] DEBUG StepDef.HooksStepDef - Each step hook is executed, Screen shot taken
2021-Aug-27 11:15:18 AM [TestNG-PoolService-9] DEBUG StepDef.HooksStepDef - Each step hook is executed, Screen shot taken
2021-Aug-27 11:15:19 AM [TestNG-PoolService-9] DEBUG StepDef.HooksStepDef - Each step hook is executed, Screen shot taken
