2021-Aug-27 17:39:17 PM [TestNG-PoolService-4] DEBUG StepDef.HooksStepDef - Each step hook is executed, Screen shot taken
2021-Aug-27 17:39:18 PM [TestNG-PoolService-4] DEBUG StepDef.DummyHooks - Each step hook is executed, screen shot is taken
2021-Aug-27 17:39:18 PM [TestNG-PoolService-4] DEBUG StepDef.HooksStepDef - Each step hook is executed, Screen shot taken
2021-Aug-27 17:39:18 PM [TestNG-PoolService-4] DEBUG StepDef.DummyHooks - Each step hook is executed, screen shot is taken
2021-Aug-27 17:39:18 PM [TestNG-PoolService-4] DEBUG StepDef.HooksStepDef - Each step hook is executed, Screen shot taken
2021-Aug-27 17:39:18 PM [TestNG-PoolService-4] DEBUG StepDef.DummyHooks - Each step hook is executed, screen shot is taken
2021-Aug-27 17:39:17 PM [TestNG-PoolService-8] DEBUG StepDef.HooksStepDef - Each step hook is executed, Screen shot taken
2021-Aug-27 17:39:17 PM [TestNG-PoolService-6] DEBUG StepDef.HooksStepDef - Each step hook is executed, Screen shot taken
2021-Aug-27 17:39:17 PM [TestNG-PoolService-7] DEBUG StepDef.HooksStepDef - Each step hook is executed, Screen shot taken
2021-Aug-27 17:39:17 PM [TestNG-PoolService-2] DEBUG StepDef.HooksStepDef - Each step hook is executed, Screen shot taken
2021-Aug-27 17:39:17 PM [TestNG-PoolService-1] DEBUG StepDef.HooksStepDef - Each step hook is executed, Screen shot taken
2021-Aug-27 17:39:17 PM [TestNG-PoolService-3] DEBUG StepDef.HooksStepDef - Each step hook is executed, Screen shot taken
2021-Aug-27 17:39:18 PM [TestNG-PoolService-2] DEBUG StepDef.DummyHooks - Each step hook is executed, screen shot is taken
2021-Aug-27 17:39:18 PM [TestNG-PoolService-2] DEBUG StepDef.HooksStepDef - Each step hook is executed, Screen shot taken
2021-Aug-27 17:39:18 PM [TestNG-PoolService-2] DEBUG StepDef.DummyHooks - Each step hook is executed, screen shot is taken
2021-Aug-27 17:39:18 PM [TestNG-PoolService-2] DEBUG StepDef.HooksStepDef - Each step hook is executed, Screen shot taken
2021-Aug-27 17:39:18 PM [TestNG-PoolService-2] DEBUG StepDef.DummyHooks - Each step hook is executed, screen shot is taken
2021-Aug-27 17:39:18 PM [TestNG-PoolService-7] DEBUG StepDef.DummyHooks - Each step hook is executed, screen shot is taken
2021-Aug-27 17:39:18 PM [TestNG-PoolService-7] DEBUG StepDef.HooksStepDef - Each step hook is executed, Screen shot taken
2021-Aug-27 17:39:18 PM [TestNG-PoolService-7] DEBUG StepDef.DummyHooks - Each step hook is executed, screen shot is taken
2021-Aug-27 17:39:18 PM [TestNG-PoolService-7] DEBUG StepDef.HooksStepDef - Each step hook is executed, Screen shot taken
2021-Aug-27 17:39:18 PM [TestNG-PoolService-7] DEBUG StepDef.DummyHooks - Each step hook is executed, screen shot is taken
2021-Aug-27 17:39:18 PM [TestNG-PoolService-8] DEBUG StepDef.DummyHooks - Each step hook is executed, screen shot is taken
2021-Aug-27 17:39:18 PM [TestNG-PoolService-8] DEBUG StepDef.HooksStepDef - Each step hook is executed, Screen shot taken
2021-Aug-27 17:39:18 PM [TestNG-PoolService-8] DEBUG StepDef.DummyHooks - Each step hook is executed, screen shot is taken
2021-Aug-27 17:39:18 PM [TestNG-PoolService-8] DEBUG StepDef.HooksStepDef - Each step hook is executed, Screen shot taken
2021-Aug-27 17:39:18 PM [TestNG-PoolService-8] DEBUG StepDef.DummyHooks - Each step hook is executed, screen shot is taken
2021-Aug-27 17:39:18 PM [TestNG-PoolService-6] DEBUG StepDef.DummyHooks - Each step hook is executed, screen shot is taken
2021-Aug-27 17:39:18 PM [TestNG-PoolService-6] DEBUG StepDef.HooksStepDef - Each step hook is executed, Screen shot taken
2021-Aug-27 17:39:18 PM [TestNG-PoolService-6] DEBUG StepDef.DummyHooks - Each step hook is executed, screen shot is taken
2021-Aug-27 17:39:18 PM [TestNG-PoolService-6] DEBUG StepDef.HooksStepDef - Each step hook is executed, Screen shot taken
2021-Aug-27 17:39:18 PM [TestNG-PoolService-6] DEBUG StepDef.DummyHooks - Each step hook is executed, screen shot is taken
2021-Aug-27 17:39:18 PM [TestNG-PoolService-3] DEBUG StepDef.DummyHooks - Each step hook is executed, screen shot is taken
2021-Aug-27 17:39:18 PM [TestNG-PoolService-3] DEBUG StepDef.HooksStepDef - Each step hook is executed, Screen shot taken
2021-Aug-27 17:39:18 PM [TestNG-PoolService-3] DEBUG StepDef.DummyHooks - Each step hook is executed, screen shot is taken
2021-Aug-27 17:39:18 PM [TestNG-PoolService-3] DEBUG StepDef.HooksStepDef - Each step hook is executed, Screen shot taken
2021-Aug-27 17:39:18 PM [TestNG-PoolService-3] DEBUG StepDef.DummyHooks - Each step hook is executed, screen shot is taken
2021-Aug-27 17:39:18 PM [TestNG-PoolService-1] DEBUG StepDef.DummyHooks - Each step hook is executed, screen shot is taken
2021-Aug-27 17:39:18 PM [TestNG-PoolService-1] DEBUG StepDef.HooksStepDef - Each step hook is executed, Screen shot taken
2021-Aug-27 17:39:18 PM [TestNG-PoolService-1] DEBUG StepDef.DummyHooks - Each step hook is executed, screen shot is taken
2021-Aug-27 17:39:18 PM [TestNG-PoolService-5] DEBUG StepDef.HooksStepDef - Each step hook is executed, Screen shot taken
2021-Aug-27 17:39:18 PM [TestNG-PoolService-5] DEBUG StepDef.DummyHooks - Each step hook is executed, screen shot is taken
2021-Aug-27 17:39:18 PM [TestNG-PoolService-5] DEBUG StepDef.HooksStepDef - Each step hook is executed, Screen shot taken
2021-Aug-27 17:39:18 PM [TestNG-PoolService-5] DEBUG StepDef.DummyHooks - Each step hook is executed, screen shot is taken
2021-Aug-27 17:39:18 PM [TestNG-PoolService-5] DEBUG StepDef.HooksStepDef - Each step hook is executed, Screen shot taken
2021-Aug-27 17:39:18 PM [TestNG-PoolService-5] DEBUG StepDef.DummyHooks - Each step hook is executed, screen shot is taken
2021-Aug-27 17:39:18 PM [TestNG-PoolService-1] DEBUG StepDef.HooksStepDef - Each step hook is executed, Screen shot taken
2021-Aug-27 17:39:18 PM [TestNG-PoolService-1] DEBUG StepDef.DummyHooks - Each step hook is executed, screen shot is taken
2021-Aug-27 17:39:18 PM [TestNG-PoolService-1] DEBUG StepDef.HooksStepDef - Each step hook is executed, Screen shot taken
2021-Aug-27 17:39:18 PM [TestNG-PoolService-1] DEBUG StepDef.DummyHooks - Each step hook is executed, screen shot is taken
2021-Aug-27 17:39:18 PM [TestNG-PoolService-1] DEBUG StepDef.HooksStepDef - Each step hook is executed, Screen shot taken
2021-Aug-27 17:39:18 PM [TestNG-PoolService-1] DEBUG StepDef.DummyHooks - Each step hook is executed, screen shot is taken
2021-Aug-27 17:39:18 PM [TestNG-PoolService-1] DEBUG StepDef.HooksStepDef - Each step hook is executed, Screen shot taken
2021-Aug-27 17:39:18 PM [TestNG-PoolService-1] DEBUG StepDef.DummyHooks - Each step hook is executed, screen shot is taken
2021-Aug-27 17:39:21 PM [TestNG-PoolService-0] DEBUG StepDef.StepDef - Chrome initialized
2021-Aug-27 17:39:22 PM [TestNG-PoolService-0] DEBUG StepDef.StepDef - window maximize
2021-Aug-27 17:39:22 PM [TestNG-PoolService-9] DEBUG StepDef.StepDef - Chrome initialized
2021-Aug-27 17:39:22 PM [TestNG-PoolService-9] DEBUG StepDef.StepDef - window maximize
2021-Aug-27 17:39:23 PM [TestNG-PoolService-0] DEBUG StepDef.HooksStepDef - Each step hook is executed, Screen shot taken
2021-Aug-27 17:39:23 PM [TestNG-PoolService-0] DEBUG StepDef.DummyHooks - Each step hook is executed, screen shot is taken
2021-Aug-27 17:39:28 PM [TestNG-PoolService-0] DEBUG StepDef.StepDef - Navigated to url https://parabank.parasoft.com/parabank/index.htm
2021-Aug-27 17:39:29 PM [TestNG-PoolService-0] DEBUG StepDef.HooksStepDef - Each step hook is executed, Screen shot taken
2021-Aug-27 17:39:29 PM [TestNG-PoolService-9] DEBUG StepDef.StepDef - Navigated to url https://parabank.parasoft.com/parabank/index.htm
2021-Aug-27 17:39:29 PM [TestNG-PoolService-9] DEBUG StepDef.StepDef - Get user namejohn
2021-Aug-27 17:39:29 PM [TestNG-PoolService-0] DEBUG StepDef.DummyHooks - Each step hook is executed, screen shot is taken
2021-Aug-27 17:39:29 PM [TestNG-PoolService-9] DEBUG StepDef.StepDef - Get passworddemo
2021-Aug-27 17:39:30 PM [TestNG-PoolService-0] DEBUG StepDef.StepDef - Get user namejohn
2021-Aug-27 17:39:30 PM [TestNG-PoolService-0] DEBUG StepDef.StepDef - Get passworddemo
2021-Aug-27 17:39:32 PM [TestNG-PoolService-9] DEBUG StepDef.StepDef - Log in button click
2021-Aug-27 17:39:33 PM [TestNG-PoolService-9] DEBUG StepDef.HooksStepDef - Each step hook is executed, Screen shot taken
2021-Aug-27 17:39:33 PM [TestNG-PoolService-9] DEBUG StepDef.DummyHooks - Each step hook is executed, screen shot is taken
2021-Aug-27 17:39:33 PM [TestNG-PoolService-0] DEBUG StepDef.StepDef - Log in button click
2021-Aug-27 17:39:33 PM [TestNG-PoolService-0] DEBUG StepDef.HooksStepDef - Each step hook is executed, Screen shot taken
2021-Aug-27 17:39:34 PM [TestNG-PoolService-0] DEBUG StepDef.DummyHooks - Each step hook is executed, screen shot is taken
2021-Aug-27 17:39:34 PM [TestNG-PoolService-0] DEBUG StepDef.HooksStepDef - Each step hook is executed, Screen shot taken
2021-Aug-27 17:39:34 PM [TestNG-PoolService-0] DEBUG StepDef.DummyHooks - Each step hook is executed, screen shot is taken
2021-Aug-27 17:39:35 PM [TestNG-PoolService-9] DEBUG StepDef.HooksStepDef - Each step hook is executed, Screen shot taken
2021-Aug-27 17:39:35 PM [TestNG-PoolService-9] DEBUG StepDef.DummyHooks - Each step hook is executed, screen shot is taken
2021-Aug-27 17:39:35 PM [TestNG-PoolService-9] DEBUG StepDef.HooksStepDef - Each step hook is executed, Screen shot taken
2021-Aug-27 17:39:36 PM [TestNG-PoolService-9] DEBUG StepDef.DummyHooks - Each step hook is executed, screen shot is taken
2021-Aug-27 17:39:41 PM [TestNG-PoolService-9] DEBUG StepDef.HooksStepDef - Each step hook is executed, Screen shot taken
2021-Aug-27 17:39:41 PM [TestNG-PoolService-9] DEBUG StepDef.DummyHooks - Each step hook is executed, screen shot is taken
2021-Aug-27 17:39:42 PM [TestNG-PoolService-9] DEBUG StepDef.HooksStepDef - Each step hook is executed, Screen shot taken
2021-Aug-27 17:39:42 PM [TestNG-PoolService-9] DEBUG StepDef.DummyHooks - Each step hook is executed, screen shot is taken
2021-Aug-27 17:39:43 PM [TestNG-PoolService-9] DEBUG StepDef.HooksStepDef - Each step hook is executed, Screen shot taken
2021-Aug-27 17:39:43 PM [TestNG-PoolService-9] DEBUG StepDef.DummyHooks - Each step hook is executed, screen shot is taken
