2021-Sep-08 12:55:15 PM [TestNG-PoolService-6] DEBUG StepDef.HooksStepDef - Each step hook is executed, Screen shot taken
2021-Sep-08 12:55:15 PM [TestNG-PoolService-5] DEBUG StepDef.HooksStepDef - Each step hook is executed, Screen shot taken
2021-Sep-08 12:55:15 PM [TestNG-PoolService-8] DEBUG StepDef.HooksStepDef - Each step hook is executed, Screen shot taken
2021-Sep-08 12:55:15 PM [TestNG-PoolService-2] DEBUG StepDef.HooksStepDef - Each step hook is executed, Screen shot taken
2021-Sep-08 12:55:15 PM [TestNG-PoolService-4] DEBUG StepDef.HooksStepDef - Each step hook is executed, Screen shot taken
2021-Sep-08 12:55:15 PM [TestNG-PoolService-1] DEBUG StepDef.HooksStepDef - Each step hook is executed, Screen shot taken
2021-Sep-08 12:55:15 PM [TestNG-PoolService-3] DEBUG StepDef.HooksStepDef - Each step hook is executed, Screen shot taken
2021-Sep-08 12:55:15 PM [TestNG-PoolService-7] DEBUG StepDef.HooksStepDef - Each step hook is executed, Screen shot taken
2021-Sep-08 12:55:15 PM [TestNG-PoolService-2] DEBUG StepDef.HooksStepDef - Each step hook is executed, Screen shot taken
2021-Sep-08 12:55:15 PM [TestNG-PoolService-2] DEBUG StepDef.HooksStepDef - Each step hook is executed, Screen shot taken
2021-Sep-08 12:55:15 PM [TestNG-PoolService-3] DEBUG StepDef.HooksStepDef - Each step hook is executed, Screen shot taken
2021-Sep-08 12:55:15 PM [TestNG-PoolService-3] DEBUG StepDef.HooksStepDef - Each step hook is executed, Screen shot taken
2021-Sep-08 12:55:15 PM [TestNG-PoolService-7] DEBUG StepDef.HooksStepDef - Each step hook is executed, Screen shot taken
2021-Sep-08 12:55:15 PM [TestNG-PoolService-7] DEBUG StepDef.HooksStepDef - Each step hook is executed, Screen shot taken
2021-Sep-08 12:55:15 PM [TestNG-PoolService-5] DEBUG StepDef.HooksStepDef - Each step hook is executed, Screen shot taken
2021-Sep-08 12:55:15 PM [TestNG-PoolService-4] DEBUG StepDef.HooksStepDef - Each step hook is executed, Screen shot taken
2021-Sep-08 12:55:15 PM [TestNG-PoolService-4] DEBUG StepDef.HooksStepDef - Each step hook is executed, Screen shot taken
2021-Sep-08 12:55:15 PM [TestNG-PoolService-8] DEBUG StepDef.HooksStepDef - Each step hook is executed, Screen shot taken
2021-Sep-08 12:55:15 PM [TestNG-PoolService-6] DEBUG StepDef.HooksStepDef - Each step hook is executed, Screen shot taken
2021-Sep-08 12:55:16 PM [TestNG-PoolService-8] DEBUG StepDef.HooksStepDef - Each step hook is executed, Screen shot taken
2021-Sep-08 12:55:16 PM [TestNG-PoolService-1] DEBUG StepDef.HooksStepDef - Each step hook is executed, Screen shot taken
2021-Sep-08 12:55:16 PM [TestNG-PoolService-5] DEBUG StepDef.HooksStepDef - Each step hook is executed, Screen shot taken
2021-Sep-08 12:55:16 PM [TestNG-PoolService-6] DEBUG StepDef.HooksStepDef - Each step hook is executed, Screen shot taken
2021-Sep-08 12:55:16 PM [TestNG-PoolService-1] DEBUG StepDef.HooksStepDef - Each step hook is executed, Screen shot taken
2021-Sep-08 12:55:16 PM [TestNG-PoolService-1] DEBUG StepDef.HooksStepDef - Each step hook is executed, Screen shot taken
2021-Sep-08 12:55:16 PM [TestNG-PoolService-1] DEBUG StepDef.HooksStepDef - Each step hook is executed, Screen shot taken
2021-Sep-08 12:55:16 PM [TestNG-PoolService-1] DEBUG StepDef.HooksStepDef - Each step hook is executed, Screen shot taken
2021-Sep-08 12:55:28 PM [TestNG-PoolService-9] DEBUG StepDef.StepDef - Chrome initialized
2021-Sep-08 12:55:28 PM [TestNG-PoolService-0] DEBUG StepDef.StepDef - Chrome initialized
2021-Sep-08 12:55:28 PM [TestNG-PoolService-9] DEBUG StepDef.StepDef - window maximize
2021-Sep-08 12:55:28 PM [TestNG-PoolService-0] DEBUG StepDef.StepDef - window maximize
2021-Sep-08 12:55:29 PM [TestNG-PoolService-0] DEBUG StepDef.HooksStepDef - Each step hook is executed, Screen shot taken
2021-Sep-08 12:55:36 PM [TestNG-PoolService-0] DEBUG StepDef.StepDef - Navigated to url https://parabank.parasoft.com/parabank/index.htm
2021-Sep-08 12:55:36 PM [TestNG-PoolService-9] DEBUG StepDef.StepDef - Navigated to url https://parabank.parasoft.com/parabank/index.htm
2021-Sep-08 12:55:37 PM [TestNG-PoolService-9] DEBUG StepDef.StepDef - Get user namejohn
2021-Sep-08 12:55:37 PM [TestNG-PoolService-9] DEBUG StepDef.StepDef - Get passworddemo
2021-Sep-08 12:55:37 PM [TestNG-PoolService-0] DEBUG StepDef.HooksStepDef - Each step hook is executed, Screen shot taken
2021-Sep-08 12:55:38 PM [TestNG-PoolService-0] DEBUG StepDef.StepDef - Get user namejohn
2021-Sep-08 12:55:38 PM [TestNG-PoolService-0] DEBUG StepDef.StepDef - Get passworddemo
2021-Sep-08 12:55:41 PM [TestNG-PoolService-0] DEBUG StepDef.StepDef - Log in button click
2021-Sep-08 12:55:42 PM [TestNG-PoolService-9] DEBUG StepDef.StepDef - Log in button click
2021-Sep-08 12:55:42 PM [TestNG-PoolService-0] DEBUG StepDef.HooksStepDef - Each step hook is executed, Screen shot taken
2021-Sep-08 12:55:42 PM [TestNG-PoolService-9] DEBUG StepDef.HooksStepDef - Each step hook is executed, Screen shot taken
2021-Sep-08 12:55:44 PM [TestNG-PoolService-0] DEBUG StepDef.HooksStepDef - Each step hook is executed, Screen shot taken
2021-Sep-08 12:55:45 PM [TestNG-PoolService-9] DEBUG StepDef.HooksStepDef - Each step hook is executed, Screen shot taken
2021-Sep-08 12:55:46 PM [TestNG-PoolService-9] DEBUG StepDef.HooksStepDef - Each step hook is executed, Screen shot taken
2021-Sep-08 12:55:53 PM [TestNG-PoolService-9] DEBUG StepDef.HooksStepDef - Each step hook is executed, Screen shot taken
2021-Sep-08 12:55:54 PM [TestNG-PoolService-9] DEBUG StepDef.HooksStepDef - Each step hook is executed, Screen shot taken
2021-Sep-08 12:55:56 PM [TestNG-PoolService-9] DEBUG StepDef.HooksStepDef - Each step hook is executed, Screen shot taken
