2021-Aug-26 16:47:34 PM [TestNG-PoolService-8] DEBUG StepDef.StepDef - Each step hook is executed, Screen shot taken
2021-Aug-26 16:47:34 PM [TestNG-PoolService-2] DEBUG StepDef.StepDef - Each step hook is executed, Screen shot taken
2021-Aug-26 16:47:34 PM [TestNG-PoolService-3] DEBUG StepDef.StepDef - Each step hook is executed, Screen shot taken
2021-Aug-26 16:47:34 PM [TestNG-PoolService-4] DEBUG StepDef.StepDef - Each step hook is executed, Screen shot taken
2021-Aug-26 16:47:34 PM [TestNG-PoolService-7] DEBUG StepDef.StepDef - Each step hook is executed, Screen shot taken
2021-Aug-26 16:47:34 PM [TestNG-PoolService-1] DEBUG StepDef.StepDef - Each step hook is executed, Screen shot taken
2021-Aug-26 16:47:34 PM [TestNG-PoolService-6] DEBUG StepDef.StepDef - Each step hook is executed, Screen shot taken
2021-Aug-26 16:47:34 PM [TestNG-PoolService-5] DEBUG StepDef.StepDef - Each step hook is executed, Screen shot taken
2021-Aug-26 16:47:34 PM [TestNG-PoolService-8] DEBUG StepDef.StepDef - Each step hook is executed, Screen shot taken
2021-Aug-26 16:47:34 PM [TestNG-PoolService-5] DEBUG StepDef.StepDef - Each step hook is executed, Screen shot taken
2021-Aug-26 16:47:34 PM [TestNG-PoolService-5] DEBUG StepDef.StepDef - Each step hook is executed, Screen shot taken
2021-Aug-26 16:47:34 PM [TestNG-PoolService-6] DEBUG StepDef.StepDef - Each step hook is executed, Screen shot taken
2021-Aug-26 16:47:34 PM [TestNG-PoolService-2] DEBUG StepDef.StepDef - Each step hook is executed, Screen shot taken
2021-Aug-26 16:47:34 PM [TestNG-PoolService-2] DEBUG StepDef.StepDef - Each step hook is executed, Screen shot taken
2021-Aug-26 16:47:34 PM [TestNG-PoolService-6] DEBUG StepDef.StepDef - Each step hook is executed, Screen shot taken
2021-Aug-26 16:47:34 PM [TestNG-PoolService-1] DEBUG StepDef.StepDef - Each step hook is executed, Screen shot taken
2021-Aug-26 16:47:34 PM [TestNG-PoolService-4] DEBUG StepDef.StepDef - Each step hook is executed, Screen shot taken
2021-Aug-26 16:47:34 PM [TestNG-PoolService-3] DEBUG StepDef.StepDef - Each step hook is executed, Screen shot taken
2021-Aug-26 16:47:34 PM [TestNG-PoolService-7] DEBUG StepDef.StepDef - Each step hook is executed, Screen shot taken
2021-Aug-26 16:47:34 PM [TestNG-PoolService-3] DEBUG StepDef.StepDef - Each step hook is executed, Screen shot taken
2021-Aug-26 16:47:34 PM [TestNG-PoolService-4] DEBUG StepDef.StepDef - Each step hook is executed, Screen shot taken
2021-Aug-26 16:47:34 PM [TestNG-PoolService-8] DEBUG StepDef.StepDef - Each step hook is executed, Screen shot taken
2021-Aug-26 16:47:34 PM [TestNG-PoolService-1] DEBUG StepDef.StepDef - Each step hook is executed, Screen shot taken
2021-Aug-26 16:47:34 PM [TestNG-PoolService-7] DEBUG StepDef.StepDef - Each step hook is executed, Screen shot taken
2021-Aug-26 16:47:34 PM [TestNG-PoolService-1] DEBUG StepDef.StepDef - Each step hook is executed, Screen shot taken
2021-Aug-26 16:47:34 PM [TestNG-PoolService-1] DEBUG StepDef.StepDef - Each step hook is executed, Screen shot taken
2021-Aug-26 16:47:34 PM [TestNG-PoolService-1] DEBUG StepDef.StepDef - Each step hook is executed, Screen shot taken
2021-Aug-26 16:47:38 PM [TestNG-PoolService-0] DEBUG StepDef.StepDef - Chrome initialized
2021-Aug-26 16:47:39 PM [TestNG-PoolService-0] DEBUG StepDef.StepDef - window maximize
2021-Aug-26 16:47:39 PM [TestNG-PoolService-9] DEBUG StepDef.StepDef - Chrome initialized
2021-Aug-26 16:47:39 PM [TestNG-PoolService-9] DEBUG StepDef.StepDef - window maximize
2021-Aug-26 16:47:40 PM [TestNG-PoolService-0] DEBUG StepDef.StepDef - Each step hook is executed, Screen shot taken
2021-Aug-26 16:47:45 PM [TestNG-PoolService-0] DEBUG StepDef.StepDef - Navigated to url https://parabank.parasoft.com/parabank/index.htm
2021-Aug-26 16:47:45 PM [TestNG-PoolService-9] DEBUG StepDef.StepDef - Navigated to url https://parabank.parasoft.com/parabank/index.htm
2021-Aug-26 16:47:45 PM [TestNG-PoolService-9] DEBUG StepDef.StepDef - Get user namejohn
2021-Aug-26 16:47:46 PM [TestNG-PoolService-9] DEBUG StepDef.StepDef - Get passworddemo
2021-Aug-26 16:47:46 PM [TestNG-PoolService-0] DEBUG StepDef.StepDef - Each step hook is executed, Screen shot taken
2021-Aug-26 16:47:46 PM [TestNG-PoolService-0] DEBUG StepDef.StepDef - Get user namejohn
2021-Aug-26 16:47:46 PM [TestNG-PoolService-0] DEBUG StepDef.StepDef - Get passworddemo
2021-Aug-26 16:47:48 PM [TestNG-PoolService-0] DEBUG StepDef.StepDef - Log in button click
2021-Aug-26 16:47:48 PM [TestNG-PoolService-9] DEBUG StepDef.StepDef - Log in button click
2021-Aug-26 16:47:48 PM [TestNG-PoolService-0] DEBUG StepDef.StepDef - Each step hook is executed, Screen shot taken
2021-Aug-26 16:47:48 PM [TestNG-PoolService-9] DEBUG StepDef.StepDef - Each step hook is executed, Screen shot taken
2021-Aug-26 16:47:49 PM [TestNG-PoolService-0] DEBUG StepDef.StepDef - Each step hook is executed, Screen shot taken
2021-Aug-26 16:47:50 PM [TestNG-PoolService-9] DEBUG StepDef.StepDef - Each step hook is executed, Screen shot taken
2021-Aug-26 16:47:50 PM [TestNG-PoolService-9] DEBUG StepDef.StepDef - Each step hook is executed, Screen shot taken
2021-Aug-26 16:47:55 PM [TestNG-PoolService-9] DEBUG StepDef.StepDef - Each step hook is executed, Screen shot taken
2021-Aug-26 16:47:56 PM [TestNG-PoolService-9] DEBUG StepDef.StepDef - Each step hook is executed, Screen shot taken
2021-Aug-26 16:47:56 PM [TestNG-PoolService-9] DEBUG StepDef.StepDef - Each step hook is executed, Screen shot taken
