2021-Aug-27 17:35:35 PM [TestNG-PoolService-1] DEBUG StepDef.HooksStepDef - Each step hook is executed, Screen shot taken
2021-Aug-27 17:35:35 PM [TestNG-PoolService-1] DEBUG StepDef.DummyHooks - Each step hook is executed, screen shot is taken
2021-Aug-27 17:35:35 PM [TestNG-PoolService-1] DEBUG StepDef.HooksStepDef - Each step hook is executed, Screen shot taken
2021-Aug-27 17:35:35 PM [TestNG-PoolService-1] DEBUG StepDef.DummyHooks - Each step hook is executed, screen shot is taken
2021-Aug-27 17:35:35 PM [TestNG-PoolService-1] DEBUG StepDef.HooksStepDef - Each step hook is executed, Screen shot taken
2021-Aug-27 17:35:35 PM [TestNG-PoolService-1] DEBUG StepDef.DummyHooks - Each step hook is executed, screen shot is taken
2021-Aug-27 17:35:35 PM [TestNG-PoolService-5] DEBUG StepDef.HooksStepDef - Each step hook is executed, Screen shot taken
2021-Aug-27 17:35:35 PM [TestNG-PoolService-7] DEBUG StepDef.HooksStepDef - Each step hook is executed, Screen shot taken
2021-Aug-27 17:35:35 PM [TestNG-PoolService-2] DEBUG StepDef.HooksStepDef - Each step hook is executed, Screen shot taken
2021-Aug-27 17:35:35 PM [TestNG-PoolService-8] DEBUG StepDef.HooksStepDef - Each step hook is executed, Screen shot taken
2021-Aug-27 17:35:35 PM [TestNG-PoolService-6] DEBUG StepDef.HooksStepDef - Each step hook is executed, Screen shot taken
2021-Aug-27 17:35:35 PM [TestNG-PoolService-1] DEBUG StepDef.HooksStepDef - Each step hook is executed, Screen shot taken
2021-Aug-27 17:35:35 PM [TestNG-PoolService-3] DEBUG StepDef.HooksStepDef - Each step hook is executed, Screen shot taken
2021-Aug-27 17:35:35 PM [TestNG-PoolService-6] DEBUG StepDef.DummyHooks - Each step hook is executed, screen shot is taken
2021-Aug-27 17:35:35 PM [TestNG-PoolService-6] DEBUG StepDef.HooksStepDef - Each step hook is executed, Screen shot taken
2021-Aug-27 17:35:35 PM [TestNG-PoolService-6] DEBUG StepDef.DummyHooks - Each step hook is executed, screen shot is taken
2021-Aug-27 17:35:35 PM [TestNG-PoolService-6] DEBUG StepDef.HooksStepDef - Each step hook is executed, Screen shot taken
2021-Aug-27 17:35:35 PM [TestNG-PoolService-6] DEBUG StepDef.DummyHooks - Each step hook is executed, screen shot is taken
2021-Aug-27 17:35:35 PM [TestNG-PoolService-8] DEBUG StepDef.DummyHooks - Each step hook is executed, screen shot is taken
2021-Aug-27 17:35:35 PM [TestNG-PoolService-8] DEBUG StepDef.HooksStepDef - Each step hook is executed, Screen shot taken
2021-Aug-27 17:35:35 PM [TestNG-PoolService-8] DEBUG StepDef.DummyHooks - Each step hook is executed, screen shot is taken
2021-Aug-27 17:35:35 PM [TestNG-PoolService-8] DEBUG StepDef.HooksStepDef - Each step hook is executed, Screen shot taken
2021-Aug-27 17:35:35 PM [TestNG-PoolService-3] DEBUG StepDef.DummyHooks - Each step hook is executed, screen shot is taken
2021-Aug-27 17:35:35 PM [TestNG-PoolService-3] DEBUG StepDef.HooksStepDef - Each step hook is executed, Screen shot taken
2021-Aug-27 17:35:35 PM [TestNG-PoolService-1] DEBUG StepDef.DummyHooks - Each step hook is executed, screen shot is taken
2021-Aug-27 17:35:35 PM [TestNG-PoolService-2] DEBUG StepDef.DummyHooks - Each step hook is executed, screen shot is taken
2021-Aug-27 17:35:35 PM [TestNG-PoolService-2] DEBUG StepDef.HooksStepDef - Each step hook is executed, Screen shot taken
2021-Aug-27 17:35:35 PM [TestNG-PoolService-2] DEBUG StepDef.DummyHooks - Each step hook is executed, screen shot is taken
2021-Aug-27 17:35:35 PM [TestNG-PoolService-5] DEBUG StepDef.DummyHooks - Each step hook is executed, screen shot is taken
2021-Aug-27 17:35:35 PM [TestNG-PoolService-5] DEBUG StepDef.HooksStepDef - Each step hook is executed, Screen shot taken
2021-Aug-27 17:35:35 PM [TestNG-PoolService-5] DEBUG StepDef.DummyHooks - Each step hook is executed, screen shot is taken
2021-Aug-27 17:35:35 PM [TestNG-PoolService-5] DEBUG StepDef.HooksStepDef - Each step hook is executed, Screen shot taken
2021-Aug-27 17:35:35 PM [TestNG-PoolService-5] DEBUG StepDef.DummyHooks - Each step hook is executed, screen shot is taken
2021-Aug-27 17:35:35 PM [TestNG-PoolService-7] DEBUG StepDef.DummyHooks - Each step hook is executed, screen shot is taken
2021-Aug-27 17:35:35 PM [TestNG-PoolService-2] DEBUG StepDef.HooksStepDef - Each step hook is executed, Screen shot taken
2021-Aug-27 17:35:35 PM [TestNG-PoolService-2] DEBUG StepDef.DummyHooks - Each step hook is executed, screen shot is taken
2021-Aug-27 17:35:35 PM [TestNG-PoolService-4] DEBUG StepDef.HooksStepDef - Each step hook is executed, Screen shot taken
2021-Aug-27 17:35:35 PM [TestNG-PoolService-4] DEBUG StepDef.DummyHooks - Each step hook is executed, screen shot is taken
2021-Aug-27 17:35:35 PM [TestNG-PoolService-4] DEBUG StepDef.HooksStepDef - Each step hook is executed, Screen shot taken
2021-Aug-27 17:35:35 PM [TestNG-PoolService-8] DEBUG StepDef.DummyHooks - Each step hook is executed, screen shot is taken
2021-Aug-27 17:35:35 PM [TestNG-PoolService-3] DEBUG StepDef.DummyHooks - Each step hook is executed, screen shot is taken
2021-Aug-27 17:35:35 PM [TestNG-PoolService-7] DEBUG StepDef.HooksStepDef - Each step hook is executed, Screen shot taken
2021-Aug-27 17:35:35 PM [TestNG-PoolService-7] DEBUG StepDef.DummyHooks - Each step hook is executed, screen shot is taken
2021-Aug-27 17:35:35 PM [TestNG-PoolService-7] DEBUG StepDef.HooksStepDef - Each step hook is executed, Screen shot taken
2021-Aug-27 17:35:35 PM [TestNG-PoolService-1] DEBUG StepDef.HooksStepDef - Each step hook is executed, Screen shot taken
2021-Aug-27 17:35:35 PM [TestNG-PoolService-4] DEBUG StepDef.DummyHooks - Each step hook is executed, screen shot is taken
2021-Aug-27 17:35:35 PM [TestNG-PoolService-7] DEBUG StepDef.DummyHooks - Each step hook is executed, screen shot is taken
2021-Aug-27 17:35:35 PM [TestNG-PoolService-1] DEBUG StepDef.DummyHooks - Each step hook is executed, screen shot is taken
2021-Aug-27 17:35:35 PM [TestNG-PoolService-1] DEBUG StepDef.HooksStepDef - Each step hook is executed, Screen shot taken
2021-Aug-27 17:35:35 PM [TestNG-PoolService-3] DEBUG StepDef.HooksStepDef - Each step hook is executed, Screen shot taken
2021-Aug-27 17:35:35 PM [TestNG-PoolService-4] DEBUG StepDef.HooksStepDef - Each step hook is executed, Screen shot taken
2021-Aug-27 17:35:35 PM [TestNG-PoolService-4] DEBUG StepDef.DummyHooks - Each step hook is executed, screen shot is taken
2021-Aug-27 17:35:35 PM [TestNG-PoolService-1] DEBUG StepDef.DummyHooks - Each step hook is executed, screen shot is taken
2021-Aug-27 17:35:35 PM [TestNG-PoolService-3] DEBUG StepDef.DummyHooks - Each step hook is executed, screen shot is taken
2021-Aug-27 17:35:42 PM [TestNG-PoolService-0] DEBUG StepDef.StepDef - Chrome initialized
2021-Aug-27 17:35:42 PM [TestNG-PoolService-9] DEBUG StepDef.StepDef - Chrome initialized
2021-Aug-27 17:35:42 PM [TestNG-PoolService-0] DEBUG StepDef.StepDef - window maximize
2021-Aug-27 17:35:42 PM [TestNG-PoolService-9] DEBUG StepDef.StepDef - window maximize
2021-Aug-27 17:35:42 PM [TestNG-PoolService-0] DEBUG StepDef.HooksStepDef - Each step hook is executed, Screen shot taken
2021-Aug-27 17:35:42 PM [TestNG-PoolService-0] DEBUG StepDef.DummyHooks - Each step hook is executed, screen shot is taken
2021-Aug-27 17:35:48 PM [TestNG-PoolService-9] DEBUG StepDef.StepDef - Navigated to url https://parabank.parasoft.com/parabank/index.htm
2021-Aug-27 17:35:48 PM [TestNG-PoolService-0] DEBUG StepDef.StepDef - Navigated to url https://parabank.parasoft.com/parabank/index.htm
2021-Aug-27 17:35:49 PM [TestNG-PoolService-9] DEBUG StepDef.StepDef - Get user namejohn
2021-Aug-27 17:35:49 PM [TestNG-PoolService-0] DEBUG StepDef.HooksStepDef - Each step hook is executed, Screen shot taken
2021-Aug-27 17:35:49 PM [TestNG-PoolService-9] DEBUG StepDef.StepDef - Get passworddemo
2021-Aug-27 17:35:50 PM [TestNG-PoolService-0] DEBUG StepDef.DummyHooks - Each step hook is executed, screen shot is taken
2021-Aug-27 17:35:50 PM [TestNG-PoolService-0] DEBUG StepDef.StepDef - Get user namejohn
2021-Aug-27 17:35:50 PM [TestNG-PoolService-0] DEBUG StepDef.StepDef - Get passworddemo
2021-Aug-27 17:35:53 PM [TestNG-PoolService-9] DEBUG StepDef.StepDef - Log in button click
2021-Aug-27 17:35:53 PM [TestNG-PoolService-0] DEBUG StepDef.StepDef - Log in button click
2021-Aug-27 17:35:53 PM [TestNG-PoolService-9] DEBUG StepDef.HooksStepDef - Each step hook is executed, Screen shot taken
2021-Aug-27 17:35:53 PM [TestNG-PoolService-0] DEBUG StepDef.HooksStepDef - Each step hook is executed, Screen shot taken
2021-Aug-27 17:35:53 PM [TestNG-PoolService-0] DEBUG StepDef.DummyHooks - Each step hook is executed, screen shot is taken
2021-Aug-27 17:35:53 PM [TestNG-PoolService-9] DEBUG StepDef.DummyHooks - Each step hook is executed, screen shot is taken
2021-Aug-27 17:35:54 PM [TestNG-PoolService-0] DEBUG StepDef.HooksStepDef - Each step hook is executed, Screen shot taken
2021-Aug-27 17:35:54 PM [TestNG-PoolService-0] DEBUG StepDef.DummyHooks - Each step hook is executed, screen shot is taken
2021-Aug-27 17:35:55 PM [TestNG-PoolService-9] DEBUG StepDef.HooksStepDef - Each step hook is executed, Screen shot taken
2021-Aug-27 17:35:55 PM [TestNG-PoolService-9] DEBUG StepDef.DummyHooks - Each step hook is executed, screen shot is taken
2021-Aug-27 17:35:56 PM [TestNG-PoolService-9] DEBUG StepDef.HooksStepDef - Each step hook is executed, Screen shot taken
2021-Aug-27 17:35:56 PM [TestNG-PoolService-0] DEBUG StepDef.DummyHooks - browser quited
2021-Aug-27 17:35:56 PM [TestNG-PoolService-9] DEBUG StepDef.DummyHooks - Each step hook is executed, screen shot is taken
2021-Aug-27 17:36:02 PM [TestNG-PoolService-9] DEBUG StepDef.HooksStepDef - Each step hook is executed, Screen shot taken
2021-Aug-27 17:36:02 PM [TestNG-PoolService-9] DEBUG StepDef.DummyHooks - Each step hook is executed, screen shot is taken
2021-Aug-27 17:36:02 PM [TestNG-PoolService-9] DEBUG StepDef.HooksStepDef - Each step hook is executed, Screen shot taken
2021-Aug-27 17:36:03 PM [TestNG-PoolService-9] DEBUG StepDef.DummyHooks - Each step hook is executed, screen shot is taken
2021-Aug-27 17:36:03 PM [TestNG-PoolService-9] DEBUG StepDef.HooksStepDef - Each step hook is executed, Screen shot taken
2021-Aug-27 17:36:03 PM [TestNG-PoolService-9] DEBUG StepDef.DummyHooks - Each step hook is executed, screen shot is taken
2021-Aug-27 17:36:04 PM [TestNG-PoolService-9] DEBUG StepDef.DummyHooks - browser quited
