2021-Aug-26 15:20:47 PM [TestNG-PoolService-1] DEBUG StepDef.StepDef - Each step hook is executed, Screen shot taken
2021-Aug-26 15:20:47 PM [TestNG-PoolService-3] DEBUG StepDef.StepDef - Each step hook is executed, Screen shot taken
2021-Aug-26 15:20:47 PM [TestNG-PoolService-8] DEBUG StepDef.StepDef - Each step hook is executed, Screen shot taken
2021-Aug-26 15:20:47 PM [TestNG-PoolService-6] DEBUG StepDef.StepDef - Each step hook is executed, Screen shot taken
2021-Aug-26 15:20:47 PM [TestNG-PoolService-5] DEBUG StepDef.StepDef - Each step hook is executed, Screen shot taken
2021-Aug-26 15:20:48 PM [TestNG-PoolService-1] DEBUG StepDef.StepDef - Each step hook is executed, Screen shot taken
2021-Aug-26 15:20:48 PM [TestNG-PoolService-4] DEBUG StepDef.StepDef - Each step hook is executed, Screen shot taken
2021-Aug-26 15:20:48 PM [TestNG-PoolService-4] DEBUG StepDef.StepDef - Each step hook is executed, Screen shot taken
2021-Aug-26 15:20:48 PM [TestNG-PoolService-4] DEBUG StepDef.StepDef - Each step hook is executed, Screen shot taken
2021-Aug-26 15:20:48 PM [TestNG-PoolService-2] DEBUG StepDef.StepDef - Each step hook is executed, Screen shot taken
2021-Aug-26 15:20:48 PM [TestNG-PoolService-2] DEBUG StepDef.StepDef - Each step hook is executed, Screen shot taken
2021-Aug-26 15:20:48 PM [TestNG-PoolService-2] DEBUG StepDef.StepDef - Each step hook is executed, Screen shot taken
2021-Aug-26 15:20:48 PM [TestNG-PoolService-7] DEBUG StepDef.StepDef - Each step hook is executed, Screen shot taken
2021-Aug-26 15:20:48 PM [TestNG-PoolService-7] DEBUG StepDef.StepDef - Each step hook is executed, Screen shot taken
2021-Aug-26 15:20:48 PM [TestNG-PoolService-7] DEBUG StepDef.StepDef - Each step hook is executed, Screen shot taken
2021-Aug-26 15:20:48 PM [TestNG-PoolService-3] DEBUG StepDef.StepDef - Each step hook is executed, Screen shot taken
2021-Aug-26 15:20:48 PM [TestNG-PoolService-5] DEBUG StepDef.StepDef - Each step hook is executed, Screen shot taken
2021-Aug-26 15:20:48 PM [TestNG-PoolService-8] DEBUG StepDef.StepDef - Each step hook is executed, Screen shot taken
2021-Aug-26 15:20:48 PM [TestNG-PoolService-8] DEBUG StepDef.StepDef - Each step hook is executed, Screen shot taken
2021-Aug-26 15:20:48 PM [TestNG-PoolService-5] DEBUG StepDef.StepDef - Each step hook is executed, Screen shot taken
2021-Aug-26 15:20:48 PM [TestNG-PoolService-6] DEBUG StepDef.StepDef - Each step hook is executed, Screen shot taken
2021-Aug-26 15:20:48 PM [TestNG-PoolService-6] DEBUG StepDef.StepDef - Each step hook is executed, Screen shot taken
2021-Aug-26 15:20:48 PM [TestNG-PoolService-1] DEBUG StepDef.StepDef - Each step hook is executed, Screen shot taken
2021-Aug-26 15:20:48 PM [TestNG-PoolService-1] DEBUG StepDef.StepDef - Each step hook is executed, Screen shot taken
2021-Aug-26 15:20:48 PM [TestNG-PoolService-3] DEBUG StepDef.StepDef - Each step hook is executed, Screen shot taken
2021-Aug-26 15:20:48 PM [TestNG-PoolService-1] DEBUG StepDef.StepDef - Each step hook is executed, Screen shot taken
2021-Aug-26 15:20:48 PM [TestNG-PoolService-1] DEBUG StepDef.StepDef - Each step hook is executed, Screen shot taken
2021-Aug-26 15:20:51 PM [TestNG-PoolService-9] DEBUG StepDef.StepDef - Chrome initialized
2021-Aug-26 15:20:52 PM [TestNG-PoolService-9] DEBUG StepDef.StepDef - window maximize
2021-Aug-26 15:20:52 PM [TestNG-PoolService-0] DEBUG StepDef.StepDef - Chrome initialized
2021-Aug-26 15:20:52 PM [TestNG-PoolService-0] DEBUG StepDef.StepDef - window maximize
2021-Aug-26 15:20:54 PM [TestNG-PoolService-0] DEBUG StepDef.StepDef - Each step hook is executed, Screen shot taken
2021-Aug-26 15:21:01 PM [TestNG-PoolService-9] DEBUG StepDef.StepDef - Navigated to url https://parabank.parasoft.com/parabank/index.htm
2021-Aug-26 15:21:01 PM [TestNG-PoolService-9] DEBUG StepDef.StepDef - Get user namejohn
2021-Aug-26 15:21:01 PM [TestNG-PoolService-9] DEBUG StepDef.StepDef - Get passworddemo
2021-Aug-26 15:21:01 PM [TestNG-PoolService-0] DEBUG StepDef.StepDef - Navigated to url https://parabank.parasoft.com/parabank/index.htm
2021-Aug-26 15:21:02 PM [TestNG-PoolService-0] DEBUG StepDef.StepDef - Each step hook is executed, Screen shot taken
2021-Aug-26 15:21:02 PM [TestNG-PoolService-0] DEBUG StepDef.StepDef - Get user namejohn
2021-Aug-26 15:21:02 PM [TestNG-PoolService-0] DEBUG StepDef.StepDef - Get passworddemo
2021-Aug-26 15:21:05 PM [TestNG-PoolService-9] DEBUG StepDef.StepDef - Log in button click
2021-Aug-26 15:21:05 PM [TestNG-PoolService-9] DEBUG StepDef.StepDef - Each step hook is executed, Screen shot taken
2021-Aug-26 15:21:05 PM [TestNG-PoolService-0] DEBUG StepDef.StepDef - Log in button click
2021-Aug-26 15:21:05 PM [TestNG-PoolService-0] DEBUG StepDef.StepDef - Each step hook is executed, Screen shot taken
2021-Aug-26 15:21:06 PM [TestNG-PoolService-0] DEBUG StepDef.StepDef - Each step hook is executed, Screen shot taken
2021-Aug-26 15:21:07 PM [TestNG-PoolService-9] DEBUG StepDef.StepDef - Each step hook is executed, Screen shot taken
2021-Aug-26 15:21:07 PM [TestNG-PoolService-9] DEBUG StepDef.StepDef - Each step hook is executed, Screen shot taken
2021-Aug-26 15:21:12 PM [TestNG-PoolService-9] DEBUG StepDef.StepDef - Each step hook is executed, Screen shot taken
2021-Aug-26 15:21:13 PM [TestNG-PoolService-9] DEBUG StepDef.StepDef - Each step hook is executed, Screen shot taken
2021-Aug-26 15:21:13 PM [TestNG-PoolService-9] DEBUG StepDef.StepDef - Each step hook is executed, Screen shot taken
