2021-Aug-27 17:45:31 PM [TestNG-PoolService-4] DEBUG StepDef.HooksStepDef - Each step hook is executed, Screen shot taken
2021-Aug-27 17:45:31 PM [TestNG-PoolService-5] DEBUG StepDef.HooksStepDef - Each step hook is executed, Screen shot taken
2021-Aug-27 17:45:31 PM [TestNG-PoolService-8] DEBUG StepDef.HooksStepDef - Each step hook is executed, Screen shot taken
2021-Aug-27 17:45:31 PM [TestNG-PoolService-3] DEBUG StepDef.HooksStepDef - Each step hook is executed, Screen shot taken
2021-Aug-27 17:45:31 PM [TestNG-PoolService-5] DEBUG StepDef.DummyHooks - Each step hook is executed, screen shot is taken
2021-Aug-27 17:45:31 PM [TestNG-PoolService-1] DEBUG StepDef.HooksStepDef - Each step hook is executed, Screen shot taken
2021-Aug-27 17:45:31 PM [TestNG-PoolService-7] DEBUG StepDef.HooksStepDef - Each step hook is executed, Screen shot taken
2021-Aug-27 17:45:31 PM [TestNG-PoolService-2] DEBUG StepDef.HooksStepDef - Each step hook is executed, Screen shot taken
2021-Aug-27 17:45:31 PM [TestNG-PoolService-2] DEBUG StepDef.DummyHooks - Each step hook is executed, screen shot is taken
2021-Aug-27 17:45:31 PM [TestNG-PoolService-6] DEBUG StepDef.HooksStepDef - Each step hook is executed, Screen shot taken
2021-Aug-27 17:45:31 PM [TestNG-PoolService-6] DEBUG StepDef.DummyHooks - Each step hook is executed, screen shot is taken
2021-Aug-27 17:45:31 PM [TestNG-PoolService-3] DEBUG StepDef.DummyHooks - Each step hook is executed, screen shot is taken
2021-Aug-27 17:45:31 PM [TestNG-PoolService-7] DEBUG StepDef.DummyHooks - Each step hook is executed, screen shot is taken
2021-Aug-27 17:45:31 PM [TestNG-PoolService-1] DEBUG StepDef.DummyHooks - Each step hook is executed, screen shot is taken
2021-Aug-27 17:45:32 PM [TestNG-PoolService-1] DEBUG StepDef.HooksStepDef - Each step hook is executed, Screen shot taken
2021-Aug-27 17:45:32 PM [TestNG-PoolService-1] DEBUG StepDef.DummyHooks - Each step hook is executed, screen shot is taken
2021-Aug-27 17:45:32 PM [TestNG-PoolService-3] DEBUG StepDef.HooksStepDef - Each step hook is executed, Screen shot taken
2021-Aug-27 17:45:32 PM [TestNG-PoolService-3] DEBUG StepDef.DummyHooks - Each step hook is executed, screen shot is taken
2021-Aug-27 17:45:32 PM [TestNG-PoolService-1] DEBUG StepDef.HooksStepDef - Each step hook is executed, Screen shot taken
2021-Aug-27 17:45:32 PM [TestNG-PoolService-3] DEBUG StepDef.HooksStepDef - Each step hook is executed, Screen shot taken
2021-Aug-27 17:45:32 PM [TestNG-PoolService-7] DEBUG StepDef.HooksStepDef - Each step hook is executed, Screen shot taken
2021-Aug-27 17:45:32 PM [TestNG-PoolService-4] DEBUG StepDef.DummyHooks - Each step hook is executed, screen shot is taken
2021-Aug-27 17:45:32 PM [TestNG-PoolService-5] DEBUG StepDef.HooksStepDef - Each step hook is executed, Screen shot taken
2021-Aug-27 17:45:32 PM [TestNG-PoolService-8] DEBUG StepDef.DummyHooks - Each step hook is executed, screen shot is taken
2021-Aug-27 17:45:32 PM [TestNG-PoolService-7] DEBUG StepDef.DummyHooks - Each step hook is executed, screen shot is taken
2021-Aug-27 17:45:32 PM [TestNG-PoolService-1] DEBUG StepDef.DummyHooks - Each step hook is executed, screen shot is taken
2021-Aug-27 17:45:32 PM [TestNG-PoolService-3] DEBUG StepDef.DummyHooks - Each step hook is executed, screen shot is taken
2021-Aug-27 17:45:32 PM [TestNG-PoolService-6] DEBUG StepDef.HooksStepDef - Each step hook is executed, Screen shot taken
2021-Aug-27 17:45:32 PM [TestNG-PoolService-5] DEBUG StepDef.DummyHooks - Each step hook is executed, screen shot is taken
2021-Aug-27 17:45:32 PM [TestNG-PoolService-7] DEBUG StepDef.HooksStepDef - Each step hook is executed, Screen shot taken
2021-Aug-27 17:45:32 PM [TestNG-PoolService-6] DEBUG StepDef.DummyHooks - Each step hook is executed, screen shot is taken
2021-Aug-27 17:45:32 PM [TestNG-PoolService-1] DEBUG StepDef.HooksStepDef - Each step hook is executed, Screen shot taken
2021-Aug-27 17:45:32 PM [TestNG-PoolService-7] DEBUG StepDef.DummyHooks - Each step hook is executed, screen shot is taken
2021-Aug-27 17:45:32 PM [TestNG-PoolService-5] DEBUG StepDef.HooksStepDef - Each step hook is executed, Screen shot taken
2021-Aug-27 17:45:32 PM [TestNG-PoolService-5] DEBUG StepDef.DummyHooks - Each step hook is executed, screen shot is taken
2021-Aug-27 17:45:32 PM [TestNG-PoolService-1] DEBUG StepDef.DummyHooks - Each step hook is executed, screen shot is taken
2021-Aug-27 17:45:32 PM [TestNG-PoolService-2] DEBUG StepDef.HooksStepDef - Each step hook is executed, Screen shot taken
2021-Aug-27 17:45:32 PM [TestNG-PoolService-2] DEBUG StepDef.DummyHooks - Each step hook is executed, screen shot is taken
2021-Aug-27 17:45:32 PM [TestNG-PoolService-8] DEBUG StepDef.HooksStepDef - Each step hook is executed, Screen shot taken
2021-Aug-27 17:45:32 PM [TestNG-PoolService-8] DEBUG StepDef.DummyHooks - Each step hook is executed, screen shot is taken
2021-Aug-27 17:45:32 PM [TestNG-PoolService-6] DEBUG StepDef.HooksStepDef - Each step hook is executed, Screen shot taken
2021-Aug-27 17:45:32 PM [TestNG-PoolService-1] DEBUG StepDef.HooksStepDef - Each step hook is executed, Screen shot taken
2021-Aug-27 17:45:32 PM [TestNG-PoolService-4] DEBUG StepDef.HooksStepDef - Each step hook is executed, Screen shot taken
2021-Aug-27 17:45:32 PM [TestNG-PoolService-8] DEBUG StepDef.HooksStepDef - Each step hook is executed, Screen shot taken
2021-Aug-27 17:45:32 PM [TestNG-PoolService-2] DEBUG StepDef.HooksStepDef - Each step hook is executed, Screen shot taken
2021-Aug-27 17:45:32 PM [TestNG-PoolService-6] DEBUG StepDef.DummyHooks - Each step hook is executed, screen shot is taken
2021-Aug-27 17:45:32 PM [TestNG-PoolService-1] DEBUG StepDef.DummyHooks - Each step hook is executed, screen shot is taken
2021-Aug-27 17:45:32 PM [TestNG-PoolService-8] DEBUG StepDef.DummyHooks - Each step hook is executed, screen shot is taken
2021-Aug-27 17:45:32 PM [TestNG-PoolService-4] DEBUG StepDef.DummyHooks - Each step hook is executed, screen shot is taken
2021-Aug-27 17:45:32 PM [TestNG-PoolService-2] DEBUG StepDef.DummyHooks - Each step hook is executed, screen shot is taken
2021-Aug-27 17:45:32 PM [TestNG-PoolService-1] DEBUG StepDef.HooksStepDef - Each step hook is executed, Screen shot taken
2021-Aug-27 17:45:32 PM [TestNG-PoolService-4] DEBUG StepDef.HooksStepDef - Each step hook is executed, Screen shot taken
2021-Aug-27 17:45:32 PM [TestNG-PoolService-4] DEBUG StepDef.DummyHooks - Each step hook is executed, screen shot is taken
2021-Aug-27 17:45:32 PM [TestNG-PoolService-1] DEBUG StepDef.DummyHooks - Each step hook is executed, screen shot is taken
2021-Aug-27 17:45:35 PM [TestNG-PoolService-0] DEBUG StepDef.StepDef - Chrome initialized
2021-Aug-27 17:45:35 PM [TestNG-PoolService-0] DEBUG StepDef.StepDef - window maximize
2021-Aug-27 17:45:36 PM [TestNG-PoolService-9] DEBUG StepDef.StepDef - Chrome initialized
2021-Aug-27 17:45:36 PM [TestNG-PoolService-9] DEBUG StepDef.StepDef - window maximize
2021-Aug-27 17:45:37 PM [TestNG-PoolService-0] DEBUG StepDef.HooksStepDef - Each step hook is executed, Screen shot taken
2021-Aug-27 17:45:37 PM [TestNG-PoolService-0] DEBUG StepDef.DummyHooks - Each step hook is executed, screen shot is taken
2021-Aug-27 17:45:43 PM [TestNG-PoolService-0] DEBUG StepDef.StepDef - Navigated to url https://parabank.parasoft.com/parabank/index.htm
2021-Aug-27 17:45:44 PM [TestNG-PoolService-9] DEBUG StepDef.StepDef - Navigated to url https://parabank.parasoft.com/parabank/index.htm
2021-Aug-27 17:45:44 PM [TestNG-PoolService-0] DEBUG StepDef.HooksStepDef - Each step hook is executed, Screen shot taken
2021-Aug-27 17:45:44 PM [TestNG-PoolService-9] DEBUG StepDef.StepDef - Get user namejohn
2021-Aug-27 17:45:44 PM [TestNG-PoolService-9] DEBUG StepDef.StepDef - Get passworddemo
2021-Aug-27 17:45:44 PM [TestNG-PoolService-0] DEBUG StepDef.DummyHooks - Each step hook is executed, screen shot is taken
2021-Aug-27 17:45:44 PM [TestNG-PoolService-0] DEBUG StepDef.StepDef - Get user namejohn
2021-Aug-27 17:45:44 PM [TestNG-PoolService-0] DEBUG StepDef.StepDef - Get passworddemo
2021-Aug-27 17:45:46 PM [TestNG-PoolService-9] DEBUG StepDef.StepDef - Log in button click
2021-Aug-27 17:45:47 PM [TestNG-PoolService-9] DEBUG StepDef.HooksStepDef - Each step hook is executed, Screen shot taken
2021-Aug-27 17:45:47 PM [TestNG-PoolService-0] DEBUG StepDef.StepDef - Log in button click
2021-Aug-27 17:45:47 PM [TestNG-PoolService-9] DEBUG StepDef.DummyHooks - Each step hook is executed, screen shot is taken
2021-Aug-27 17:45:48 PM [TestNG-PoolService-0] DEBUG StepDef.HooksStepDef - Each step hook is executed, Screen shot taken
2021-Aug-27 17:45:48 PM [TestNG-PoolService-0] DEBUG StepDef.DummyHooks - Each step hook is executed, screen shot is taken
2021-Aug-27 17:45:48 PM [TestNG-PoolService-0] DEBUG StepDef.HooksStepDef - Each step hook is executed, Screen shot taken
2021-Aug-27 17:45:49 PM [TestNG-PoolService-0] DEBUG StepDef.DummyHooks - Each step hook is executed, screen shot is taken
2021-Aug-27 17:45:49 PM [TestNG-PoolService-9] DEBUG StepDef.HooksStepDef - Each step hook is executed, Screen shot taken
2021-Aug-27 17:45:50 PM [TestNG-PoolService-9] DEBUG StepDef.DummyHooks - Each step hook is executed, screen shot is taken
2021-Aug-27 17:45:50 PM [TestNG-PoolService-9] DEBUG StepDef.HooksStepDef - Each step hook is executed, Screen shot taken
2021-Aug-27 17:45:50 PM [TestNG-PoolService-9] DEBUG StepDef.DummyHooks - Each step hook is executed, screen shot is taken
2021-Aug-27 17:45:56 PM [TestNG-PoolService-9] DEBUG StepDef.HooksStepDef - Each step hook is executed, Screen shot taken
2021-Aug-27 17:45:56 PM [TestNG-PoolService-9] DEBUG StepDef.DummyHooks - Each step hook is executed, screen shot is taken
2021-Aug-27 17:45:57 PM [TestNG-PoolService-9] DEBUG StepDef.HooksStepDef - Each step hook is executed, Screen shot taken
2021-Aug-27 17:45:57 PM [TestNG-PoolService-9] DEBUG StepDef.DummyHooks - Each step hook is executed, screen shot is taken
2021-Aug-27 17:45:57 PM [TestNG-PoolService-9] DEBUG StepDef.HooksStepDef - Each step hook is executed, Screen shot taken
2021-Aug-27 17:45:58 PM [TestNG-PoolService-9] DEBUG StepDef.DummyHooks - Each step hook is executed, screen shot is taken
