2021-Aug-26 13:46:02 PM [main] DEBUG StepDef.StepDef - Chrome initialized
2021-Aug-26 13:46:03 PM [main] DEBUG StepDef.StepDef - window maximize
2021-Aug-26 13:46:03 PM [main] DEBUG StepDef.StepDef - Each step hook is executed, Screen shot taken
2021-Aug-26 13:46:12 PM [main] DEBUG StepDef.StepDef - Navigated to url https://parabank.parasoft.com/parabank/index.htm
2021-Aug-26 13:46:12 PM [main] DEBUG StepDef.StepDef - Each step hook is executed, Screen shot taken
2021-Aug-26 13:46:13 PM [main] DEBUG StepDef.StepDef - Get user namejohn
2021-Aug-26 13:46:14 PM [main] DEBUG StepDef.StepDef - Get passworddemo
2021-Aug-26 13:46:16 PM [main] DEBUG StepDef.StepDef - Log in button click
2021-Aug-26 13:46:17 PM [main] DEBUG StepDef.StepDef - Each step hook is executed, Screen shot taken
2021-Aug-26 13:46:17 PM [main] DEBUG StepDef.StepDef - Each step hook is executed, Screen shot taken
2021-Aug-26 13:46:19 PM [main] DEBUG StepDef.StepDef - Each step hook is executed, Screen shot taken
2021-Aug-26 13:46:19 PM [main] DEBUG StepDef.StepDef - Each step hook is executed, Screen shot taken
2021-Aug-26 13:46:19 PM [main] DEBUG StepDef.StepDef - Each step hook is executed, Screen shot taken
2021-Aug-26 13:46:19 PM [main] DEBUG StepDef.StepDef - Each step hook is executed, Screen shot taken
2021-Aug-26 13:46:19 PM [main] DEBUG StepDef.StepDef - Each step hook is executed, Screen shot taken
2021-Aug-26 13:46:20 PM [main] DEBUG StepDef.StepDef - Each step hook is executed, Screen shot taken
2021-Aug-26 13:46:20 PM [main] DEBUG StepDef.StepDef - Each step hook is executed, Screen shot taken
2021-Aug-26 13:46:20 PM [main] DEBUG StepDef.StepDef - Each step hook is executed, Screen shot taken
2021-Aug-26 13:46:20 PM [main] DEBUG StepDef.StepDef - Each step hook is executed, Screen shot taken
2021-Aug-26 13:46:20 PM [main] DEBUG StepDef.StepDef - Each step hook is executed, Screen shot taken
2021-Aug-26 13:46:20 PM [main] DEBUG StepDef.StepDef - Each step hook is executed, Screen shot taken
2021-Aug-26 13:46:20 PM [main] DEBUG StepDef.StepDef - Each step hook is executed, Screen shot taken
2021-Aug-26 13:46:20 PM [main] DEBUG StepDef.StepDef - Each step hook is executed, Screen shot taken
2021-Aug-26 13:46:20 PM [main] DEBUG StepDef.StepDef - Each step hook is executed, Screen shot taken
2021-Aug-26 13:46:20 PM [main] DEBUG StepDef.StepDef - Each step hook is executed, Screen shot taken
2021-Aug-26 13:46:20 PM [main] DEBUG StepDef.StepDef - Each step hook is executed, Screen shot taken
2021-Aug-26 13:46:20 PM [main] DEBUG StepDef.StepDef - Each step hook is executed, Screen shot taken
2021-Aug-26 13:46:20 PM [main] DEBUG StepDef.StepDef - Each step hook is executed, Screen shot taken
2021-Aug-26 13:46:20 PM [main] DEBUG StepDef.StepDef - Each step hook is executed, Screen shot taken
2021-Aug-26 13:46:20 PM [main] DEBUG StepDef.StepDef - Each step hook is executed, Screen shot taken
2021-Aug-26 13:46:20 PM [main] DEBUG StepDef.StepDef - Each step hook is executed, Screen shot taken
2021-Aug-26 13:46:20 PM [main] DEBUG StepDef.StepDef - Each step hook is executed, Screen shot taken
2021-Aug-26 13:46:20 PM [main] DEBUG StepDef.StepDef - Each step hook is executed, Screen shot taken
2021-Aug-26 13:46:20 PM [main] DEBUG StepDef.StepDef - Each step hook is executed, Screen shot taken
2021-Aug-26 13:46:20 PM [main] DEBUG StepDef.StepDef - Each step hook is executed, Screen shot taken
2021-Aug-26 13:46:20 PM [main] DEBUG StepDef.StepDef - Each step hook is executed, Screen shot taken
2021-Aug-26 13:46:20 PM [main] DEBUG StepDef.StepDef - Each step hook is executed, Screen shot taken
2021-Aug-26 13:46:23 PM [main] DEBUG StepDef.StepDef - Chrome initialized
2021-Aug-26 13:46:23 PM [main] DEBUG StepDef.StepDef - window maximize
2021-Aug-26 13:46:28 PM [main] DEBUG StepDef.StepDef - Navigated to url https://parabank.parasoft.com/parabank/index.htm
2021-Aug-26 13:46:28 PM [main] DEBUG StepDef.StepDef - Get user namejohn
2021-Aug-26 13:46:28 PM [main] DEBUG StepDef.StepDef - Get passworddemo
2021-Aug-26 13:46:30 PM [main] DEBUG StepDef.StepDef - Log in button click
2021-Aug-26 13:46:31 PM [main] DEBUG StepDef.StepDef - Each step hook is executed, Screen shot taken
2021-Aug-26 13:46:33 PM [main] DEBUG StepDef.StepDef - Each step hook is executed, Screen shot taken
2021-Aug-26 13:46:33 PM [main] DEBUG StepDef.StepDef - Each step hook is executed, Screen shot taken
2021-Aug-26 13:46:38 PM [main] DEBUG StepDef.StepDef - Each step hook is executed, Screen shot taken
2021-Aug-26 13:46:38 PM [main] DEBUG StepDef.StepDef - Each step hook is executed, Screen shot taken
2021-Aug-26 13:46:40 PM [main] DEBUG StepDef.StepDef - Each step hook is executed, Screen shot taken
